# JRE version: OpenJDK Runtime Environment (11.0.8) (build 11.0.8+0-b944-P17168821)
# Java VM: OpenJDK 64-Bit Server VM (11.0.8+0-b944-6842174, mixed mode, tiered, compressed oops, g1 gc, linux-amd64)
Heap:
 garbage-first heap   total 875520K, used 255488K [0x0000000080000000, 0x0000000100000000)
  region size 1024K, 3 young (3072K), 3 survivors (3072K)
 Metaspace       used 139478K, capacity 142820K, committed 143308K, reserved 1173504K
  class space    used 17187K, capacity 18408K, committed 18432K, reserved 1048576K
GC Heap History (20 events):
Event: 730.165 GC heap after
{Heap after GC invocations=57 (full 0):
 garbage-first heap   total 453632K, used 148377K [0x0000000080000000, 0x0000000100000000)
  region size 1024K, 4 young (4096K), 4 survivors (4096K)
 Metaspace       used 127551K, capacity 130788K, committed 130892K, reserved 1163264K
  class space    used 15786K, capacity 16992K, committed 17024K, reserved 1048576K
}
Event: 731.217 GC heap before
{Heap before GC invocations=57 (full 0):
 garbage-first heap   total 453632K, used 190361K [0x0000000080000000, 0x0000000100000000)
  region size 1024K, 44 young (45056K), 4 survivors (4096K)
 Metaspace       used 127654K, capacity 130857K, committed 131148K, reserved 1163264K
  class space    used 15786K, capacity 16992K, committed 17024K, reserved 1048576K
}
Event: 731.243 GC heap after
{Heap after GC invocations=58 (full 0):
 garbage-first heap   total 453632K, used 159092K [0x0000000080000000, 0x0000000100000000)
  region size 1024K, 6 young (6144K), 6 survivors (6144K)
 Metaspace       used 127654K, capacity 130857K, committed 131148K, reserved 1163264K
  class space    used 15786K, capacity 16992K, committed 17024K, reserved 1048576K
}
Event: 731.874 GC heap before
{Heap before GC invocations=58 (full 0):
 garbage-first heap   total 453632K, used 199028K [0x0000000080000000, 0x0000000100000000)
  region size 1024K, 45 young (46080K), 6 survivors (6144K)
 Metaspace       used 129579K, capacity 132786K, committed 133196K, reserved 1165312K
  class space    used 15980K, capacity 17185K, committed 17280K, reserved 1048576K
}
Event: 731.928 GC heap after
{Heap after GC invocations=59 (full 0):
 garbage-first heap   total 453632K, used 177660K [0x0000000080000000, 0x0000000100000000)
  region size 1024K, 6 young (6144K), 6 survivors (6144K)
 Metaspace       used 129579K, capacity 132786K, committed 133196K, reserved 1165312K
  class space    used 15980K, capacity 17185K, committed 17280K, reserved 1048576K
}
Event: 732.097 GC heap before
{Heap before GC invocations=59 (full 0):
 garbage-first heap   total 453632K, used 208380K [0x0000000080000000, 0x0000000100000000)
  region size 1024K, 36 young (36864K), 6 survivors (6144K)
 Metaspace       used 129583K, capacity 132786K, committed 133196K, reserved 1165312K
  class space    used 15980K, capacity 17185K, committed 17280K, reserved 1048576K
}
Event: 732.459 GC heap after
{Heap after GC invocations=60 (full 0):
 garbage-first heap   total 453632K, used 202240K [0x0000000080000000, 0x0000000100000000)
  region size 1024K, 5 young (5120K), 5 survivors (5120K)
 Metaspace       used 129583K, capacity 132786K, committed 133196K, reserved 1165312K
  class space    used 15980K, capacity 17185K, committed 17280K, reserved 1048576K
}
Event: 732.893 GC heap before
{Heap before GC invocations=60 (full 0):
 garbage-first heap   total 453632K, used 220672K [0x0000000080000000, 0x0000000100000000)
  region size 1024K, 22 young (22528K), 5 survivors (5120K)
 Metaspace       used 131138K, capacity 134404K, committed 134732K, reserved 1167360K
  class space    used 16223K, capacity 17446K, committed 17536K, reserved 1048576K
}
Event: 733.130 GC heap after
{Heap after GC invocations=61 (full 0):
 garbage-first heap   total 453632K, used 212480K [0x0000000080000000, 0x0000000100000000)
  region size 1024K, 3 young (3072K), 3 survivors (3072K)
 Metaspace       used 131138K, capacity 134404K, committed 134732K, reserved 1167360K
  class space    used 16223K, capacity 17446K, committed 17536K, reserved 1048576K
}
Event: 733.386 GC heap before
{Heap before GC invocations=61 (full 0):
 garbage-first heap   total 453632K, used 216576K [0x0000000080000000, 0x0000000100000000)
  region size 1024K, 9 young (9216K), 3 survivors (3072K)
 Metaspace       used 132093K, capacity 135310K, committed 135628K, reserved 1167360K
  class space    used 16345K, capacity 17551K, committed 17664K, reserved 1048576K
}
Event: 733.423 GC heap after
{Heap after GC invocations=62 (full 0):
 garbage-first heap   total 453632K, used 214703K [0x0000000080000000, 0x0000000100000000)
  region size 1024K, 2 young (2048K), 2 survivors (2048K)
 Metaspace       used 132093K, capacity 135310K, committed 135628K, reserved 1167360K
  class space    used 16345K, capacity 17551K, committed 17664K, reserved 1048576K
}
Event: 736.042 GC heap before
{Heap before GC invocations=63 (full 0):
 garbage-first heap   total 453632K, used 277167K [0x0000000080000000, 0x0000000100000000)
  region size 1024K, 67 young (68608K), 2 survivors (2048K)
 Metaspace       used 139435K, capacity 142755K, committed 143052K, reserved 1173504K
  class space    used 17186K, capacity 18408K, committed 18432K, reserved 1048576K
}
Event: 736.367 GC heap after
{Heap after GC invocations=64 (full 0):
 garbage-first heap   total 453632K, used 215865K [0x0000000080000000, 0x0000000100000000)
  region size 1024K, 8 young (8192K), 8 survivors (8192K)
 Metaspace       used 139435K, capacity 142755K, committed 143052K, reserved 1173504K
  class space    used 17186K, capacity 18408K, committed 18432K, reserved 1048576K
}
Event: 736.579 GC heap before
{Heap before GC invocations=64 (full 0):
 garbage-first heap   total 453632K, used 230201K [0x0000000080000000, 0x0000000100000000)
  region size 1024K, 22 young (22528K), 8 survivors (8192K)
 Metaspace       used 139449K, capacity 142755K, committed 143052K, reserved 1173504K
  class space    used 17187K, capacity 18408K, committed 18432K, reserved 1048576K
}
Event: 736.989 GC heap after
{Heap after GC invocations=65 (full 0):
 garbage-first heap   total 453632K, used 220817K [0x0000000080000000, 0x0000000100000000)
  region size 1024K, 3 young (3072K), 3 survivors (3072K)
 Metaspace       used 139449K, capacity 142755K, committed 143052K, reserved 1173504K
  class space    used 17187K, capacity 18408K, committed 18432K, reserved 1048576K
}
Event: 737.064 GC heap before
{Heap before GC invocations=65 (full 0):
 garbage-first heap   total 453632K, used 240273K [0x0000000080000000, 0x0000000100000000)
  region size 1024K, 22 young (22528K), 3 survivors (3072K)
 Metaspace       used 139449K, capacity 142755K, committed 143052K, reserved 1173504K
  class space    used 17187K, capacity 18408K, committed 18432K, reserved 1048576K
}
Event: 737.468 GC heap after
{Heap after GC invocations=66 (full 0):
 garbage-first heap   total 453632K, used 229376K [0x0000000080000000, 0x0000000100000000)
  region size 1024K, 3 young (3072K), 3 survivors (3072K)
 Metaspace       used 139449K, capacity 142755K, committed 143052K, reserved 1173504K
  class space    used 17187K, capacity 18408K, committed 18432K, reserved 1048576K
}
Event: 737.622 GC heap before
{Heap before GC invocations=66 (full 0):
 garbage-first heap   total 453632K, used 248832K [0x0000000080000000, 0x0000000100000000)
  region size 1024K, 22 young (22528K), 3 survivors (3072K)
 Metaspace       used 139457K, capacity 142756K, committed 143052K, reserved 1173504K
  class space    used 17187K, capacity 18408K, committed 18432K, reserved 1048576K
}
Event: 737.710 GC heap after
{Heap after GC invocations=67 (full 0):
 garbage-first heap   total 453632K, used 241664K [0x0000000080000000, 0x0000000100000000)
  region size 1024K, 3 young (3072K), 3 survivors (3072K)
 Metaspace       used 139457K, capacity 142756K, committed 143052K, reserved 1173504K
  class space    used 17187K, capacity 18408K, committed 18432K, reserved 1048576K
}
Event: 737.968 GC heap before
{Heap before GC invocations=67 (full 0):
 garbage-first heap   total 453632K, used 261120K [0x0000000080000000, 0x0000000100000000)
  region size 1024K, 22 young (22528K), 3 survivors (3072K)
 Metaspace       used 139478K, capacity 142820K, committed 143308K, reserved 1173504K
  class space    used 17187K, capacity 18408K, committed 18432K, reserved 1048576K
}

