# JRE version: OpenJDK Runtime Environment (11.0.8) (build 11.0.8+0-b944-P17168821)
# Java VM: OpenJDK 64-Bit Server VM (11.0.8+0-b944-6842174, mixed mode, tiered, compressed oops, g1 gc, linux-amd64)
Heap:
 garbage-first heap   total 1106944K, used 208609K [0x0000000080000000, 0x0000000100000000)
  region size 1024K, 3 young (3072K), 3 survivors (3072K)
 Metaspace       used 150285K, capacity 153463K, committed 154956K, reserved 1183744K
  class space    used 18220K, capacity 19439K, committed 19840K, reserved 1048576K
GC Heap History (20 events):
Event: 2921.204 GC heap after
{Heap after GC invocations=81 (full 0):
 garbage-first heap   total 445440K, used 150567K [0x0000000080000000, 0x0000000100000000)
  region size 1024K, 4 young (4096K), 4 survivors (4096K)
 Metaspace       used 138368K, capacity 141737K, committed 142284K, reserved 1173504K
  class space    used 16931K, capacity 18219K, committed 18432K, reserved 1048576K
}
Event: 2928.055 GC heap before
{Heap before GC invocations=82 (full 0):
 garbage-first heap   total 445440K, used 247847K [0x0000000080000000, 0x0000000100000000)
  region size 1024K, 102 young (104448K), 4 survivors (4096K)
 Metaspace       used 137610K, capacity 140504K, committed 142284K, reserved 1173504K
  class space    used 16752K, capacity 17876K, committed 18432K, reserved 1048576K
}
Event: 2928.215 GC heap after
{Heap after GC invocations=83 (full 0):
 garbage-first heap   total 445440K, used 154021K [0x0000000080000000, 0x0000000100000000)
  region size 1024K, 10 young (10240K), 10 survivors (10240K)
 Metaspace       used 137610K, capacity 140504K, committed 142284K, reserved 1173504K
  class space    used 16752K, capacity 17876K, committed 18432K, reserved 1048576K
}
Event: 2928.260 GC heap before
{Heap before GC invocations=83 (full 0):
 garbage-first heap   total 445440K, used 164261K [0x0000000080000000, 0x0000000100000000)
  region size 1024K, 21 young (21504K), 10 survivors (10240K)
 Metaspace       used 137629K, capacity 140504K, committed 142284K, reserved 1173504K
  class space    used 16752K, capacity 17876K, committed 18432K, reserved 1048576K
}
Event: 2929.235 GC heap after
{Heap after GC invocations=84 (full 0):
 garbage-first heap   total 445440K, used 145209K [0x0000000080000000, 0x0000000100000000)
  region size 1024K, 2 young (2048K), 2 survivors (2048K)
 Metaspace       used 137629K, capacity 140504K, committed 142284K, reserved 1173504K
  class space    used 16752K, capacity 17876K, committed 18432K, reserved 1048576K
}
Event: 2929.292 GC heap before
{Heap before GC invocations=84 (full 0):
 garbage-first heap   total 445440K, used 163641K [0x0000000080000000, 0x0000000100000000)
  region size 1024K, 21 young (21504K), 2 survivors (2048K)
 Metaspace       used 137642K, capacity 140504K, committed 142284K, reserved 1173504K
  class space    used 16752K, capacity 17876K, committed 18432K, reserved 1048576K
}
Event: 2929.455 GC heap after
{Heap after GC invocations=85 (full 0):
 garbage-first heap   total 445440K, used 137435K [0x0000000080000000, 0x0000000100000000)
  region size 1024K, 1 young (1024K), 1 survivors (1024K)
 Metaspace       used 137642K, capacity 140504K, committed 142284K, reserved 1173504K
  class space    used 16752K, capacity 17876K, committed 18432K, reserved 1048576K
}
Event: 2929.990 GC heap before
{Heap before GC invocations=85 (full 0):
 garbage-first heap   total 445440K, used 156891K [0x0000000080000000, 0x0000000100000000)
  region size 1024K, 21 young (21504K), 1 survivors (1024K)
 Metaspace       used 137662K, capacity 140568K, committed 142284K, reserved 1173504K
  class space    used 16753K, capacity 17876K, committed 18432K, reserved 1048576K
}
Event: 2930.076 GC heap after
{Heap after GC invocations=86 (full 0):
 garbage-first heap   total 445440K, used 133704K [0x0000000080000000, 0x0000000100000000)
  region size 1024K, 2 young (2048K), 2 survivors (2048K)
 Metaspace       used 137662K, capacity 140568K, committed 142284K, reserved 1173504K
  class space    used 16753K, capacity 17876K, committed 18432K, reserved 1048576K
}
Event: 2937.575 GC heap before
{Heap before GC invocations=86 (full 0):
 garbage-first heap   total 445440K, used 159304K [0x0000000080000000, 0x0000000100000000)
  region size 1024K, 28 young (28672K), 2 survivors (2048K)
 Metaspace       used 138041K, capacity 141046K, committed 142540K, reserved 1173504K
  class space    used 16776K, capacity 17919K, committed 18432K, reserved 1048576K
}
Event: 2937.595 GC heap after
{Heap after GC invocations=87 (full 0):
 garbage-first heap   total 445440K, used 136044K [0x0000000080000000, 0x0000000100000000)
  region size 1024K, 4 young (4096K), 4 survivors (4096K)
 Metaspace       used 138041K, capacity 141046K, committed 142540K, reserved 1173504K
  class space    used 16776K, capacity 17919K, committed 18432K, reserved 1048576K
}
Event: 2942.525 GC heap before
{Heap before GC invocations=88 (full 0):
 garbage-first heap   total 445440K, used 345964K [0x0000000080000000, 0x0000000100000000)
  region size 1024K, 204 young (208896K), 4 survivors (4096K)
 Metaspace       used 145902K, capacity 149062K, committed 150604K, reserved 1181696K
  class space    used 17699K, capacity 18891K, committed 19328K, reserved 1048576K
}
Event: 2943.679 GC heap after
{Heap after GC invocations=89 (full 0):
 garbage-first heap   total 445440K, used 194818K [0x0000000080000000, 0x0000000100000000)
  region size 1024K, 26 young (26624K), 26 survivors (26624K)
 Metaspace       used 145902K, capacity 149062K, committed 150604K, reserved 1181696K
  class space    used 17699K, capacity 18891K, committed 19328K, reserved 1048576K
}
Event: 2943.735 GC heap before
{Heap before GC invocations=89 (full 0):
 garbage-first heap   total 445440K, used 195842K [0x0000000080000000, 0x0000000100000000)
  region size 1024K, 27 young (27648K), 26 survivors (26624K)
 Metaspace       used 146033K, capacity 149228K, committed 150860K, reserved 1181696K
  class space    used 17716K, capacity 18924K, committed 19328K, reserved 1048576K
}
Event: 2944.732 GC heap after
{Heap after GC invocations=90 (full 0):
 garbage-first heap   total 445440K, used 188928K [0x0000000080000000, 0x0000000100000000)
  region size 1024K, 2 young (2048K), 2 survivors (2048K)
 Metaspace       used 146033K, capacity 149228K, committed 150860K, reserved 1181696K
  class space    used 17716K, capacity 18924K, committed 19328K, reserved 1048576K
}
Event: 2945.367 GC heap before
{Heap before GC invocations=90 (full 0):
 garbage-first heap   total 445440K, used 207360K [0x0000000080000000, 0x0000000100000000)
  region size 1024K, 21 young (21504K), 2 survivors (2048K)
 Metaspace       used 149029K, capacity 152244K, committed 153804K, reserved 1183744K
  class space    used 18105K, capacity 19311K, committed 19712K, reserved 1048576K
}
Event: 2945.482 GC heap after
{Heap after GC invocations=91 (full 0):
 garbage-first heap   total 445440K, used 186536K [0x0000000080000000, 0x0000000100000000)
  region size 1024K, 2 young (2048K), 2 survivors (2048K)
 Metaspace       used 149029K, capacity 152244K, committed 153804K, reserved 1183744K
  class space    used 18105K, capacity 19311K, committed 19712K, reserved 1048576K
}
Event: 2946.817 GC heap before
{Heap before GC invocations=91 (full 0):
 garbage-first heap   total 445440K, used 217256K [0x0000000080000000, 0x0000000100000000)
  region size 1024K, 33 young (33792K), 2 survivors (2048K)
 Metaspace       used 150271K, capacity 153463K, committed 154956K, reserved 1183744K
  class space    used 18219K, capacity 19439K, committed 19840K, reserved 1048576K
}
Event: 2948.663 GC heap after
{Heap after GC invocations=92 (full 0):
 garbage-first heap   total 445440K, used 192512K [0x0000000080000000, 0x0000000100000000)
  region size 1024K, 5 young (5120K), 5 survivors (5120K)
 Metaspace       used 150271K, capacity 153463K, committed 154956K, reserved 1183744K
  class space    used 18219K, capacity 19439K, committed 19840K, reserved 1048576K
}
Event: 2949.498 GC heap before
{Heap before GC invocations=92 (full 0):
 garbage-first heap   total 445440K, used 207872K [0x0000000080000000, 0x0000000100000000)
  region size 1024K, 21 young (21504K), 5 survivors (5120K)
 Metaspace       used 150285K, capacity 153463K, committed 154956K, reserved 1183744K
  class space    used 18220K, capacity 19439K, committed 19840K, reserved 1048576K
}

