# JRE version: OpenJDK Runtime Environment (8.0_242) (build 1.8.0_242-release-1644-b3-6222593)
# Java VM: OpenJDK 64-Bit Server VM (25.242-b3-6222593 mixed mode linux-amd64 compressed oops)
Heap:
 PSYoungGen      total 396800K, used 37359K [0x00000000d5580000, 0x00000000f0900000, 0x0000000100000000)
  eden space 359424K, 0% used [0x00000000d5580000,0x00000000d5580000,0x00000000eb480000)
  from space 37376K, 99% used [0x00000000eb480000,0x00000000ed8fbfb8,0x00000000ed900000)
  to   space 36352K, 0% used [0x00000000ed900000,0x00000000ed900000,0x00000000efc80000)
 ParOldGen       total 166400K, used 159416K [0x0000000080000000, 0x000000008a280000, 0x00000000d5580000)
  object space 166400K, 95% used [0x0000000080000000,0x0000000089bae060,0x000000008a280000)
 Metaspace       used 114160K, capacity 118726K, committed 119000K, reserved 1153024K
  class space    used 14444K, capacity 15340K, committed 15360K, reserved 1048576K
GC Heap History (10 events):
Event: 21.000 GC heap after
Heap after GC invocations=16 (full 3):
 PSYoungGen      total 292864K, used 22778K [0x00000000d5580000, 0x00000000ecd00000, 0x0000000100000000)
  eden space 256512K, 0% used [0x00000000d5580000,0x00000000d5580000,0x00000000e5000000)
  from space 36352K, 62% used [0x00000000e5000000,0x00000000e663e8d0,0x00000000e7380000)
  to   space 37376K, 0% used [0x00000000ea880000,0x00000000ea880000,0x00000000ecd00000)
 ParOldGen       total 100352K, used 83827K [0x0000000080000000, 0x0000000086200000, 0x00000000d5580000)
  object space 100352K, 83% used [0x0000000080000000,0x00000000851dce20,0x0000000086200000)
 Metaspace       used 86393K, capacity 90356K, committed 90584K, reserved 1128448K
  class space    used 11480K, capacity 12223K, committed 12288K, reserved 1048576K
}
Event: 21.000 GC heap before
{Heap before GC invocations=17 (full 4):
 PSYoungGen      total 292864K, used 22778K [0x00000000d5580000, 0x00000000ecd00000, 0x0000000100000000)
  eden space 256512K, 0% used [0x00000000d5580000,0x00000000d5580000,0x00000000e5000000)
  from space 36352K, 62% used [0x00000000e5000000,0x00000000e663e8d0,0x00000000e7380000)
  to   space 37376K, 0% used [0x00000000ea880000,0x00000000ea880000,0x00000000ecd00000)
 ParOldGen       total 100352K, used 83827K [0x0000000080000000, 0x0000000086200000, 0x00000000d5580000)
  object space 100352K, 83% used [0x0000000080000000,0x00000000851dce20,0x0000000086200000)
 Metaspace       used 86393K, capacity 90356K, committed 90584K, reserved 1128448K
  class space    used 11480K, capacity 12223K, committed 12288K, reserved 1048576K
Event: 21.257 GC heap after
Heap after GC invocations=17 (full 4):
 PSYoungGen      total 292864K, used 0K [0x00000000d5580000, 0x00000000ecd00000, 0x0000000100000000)
  eden space 256512K, 0% used [0x00000000d5580000,0x00000000d5580000,0x00000000e5000000)
  from space 36352K, 0% used [0x00000000e5000000,0x00000000e5000000,0x00000000e7380000)
  to   space 37376K, 0% used [0x00000000ea880000,0x00000000ea880000,0x00000000ecd00000)
 ParOldGen       total 166400K, used 71889K [0x0000000080000000, 0x000000008a280000, 0x00000000d5580000)
  object space 166400K, 43% used [0x0000000080000000,0x00000000846346b8,0x000000008a280000)
 Metaspace       used 86318K, capacity 90128K, committed 90584K, reserved 1128448K
  class space    used 11456K, capacity 12181K, committed 12288K, reserved 1048576K
}
Event: 23.754 GC heap before
{Heap before GC invocations=18 (full 4):
 PSYoungGen      total 292864K, used 256512K [0x00000000d5580000, 0x00000000ecd00000, 0x0000000100000000)
  eden space 256512K, 100% used [0x00000000d5580000,0x00000000e5000000,0x00000000e5000000)
  from space 36352K, 0% used [0x00000000e5000000,0x00000000e5000000,0x00000000e7380000)
  to   space 37376K, 0% used [0x00000000ea880000,0x00000000ea880000,0x00000000ecd00000)
 ParOldGen       total 166400K, used 71889K [0x0000000080000000, 0x000000008a280000, 0x00000000d5580000)
  object space 166400K, 43% used [0x0000000080000000,0x00000000846346b8,0x000000008a280000)
 Metaspace       used 89525K, capacity 93414K, committed 93528K, reserved 1130496K
  class space    used 11879K, capacity 12620K, committed 12672K, reserved 1048576K
Event: 23.780 GC heap after
Heap after GC invocations=18 (full 4):
 PSYoungGen      total 339968K, used 14600K [0x00000000d5580000, 0x00000000ec700000, 0x0000000100000000)
  eden space 308736K, 0% used [0x00000000d5580000,0x00000000d5580000,0x00000000e8300000)
  from space 31232K, 46% used [0x00000000ea880000,0x00000000eb6c21f8,0x00000000ec700000)
  to   space 34816K, 0% used [0x00000000e8300000,0x00000000e8300000,0x00000000ea500000)
 ParOldGen       total 166400K, used 71897K [0x0000000080000000, 0x000000008a280000, 0x00000000d5580000)
  object space 166400K, 43% used [0x0000000080000000,0x00000000846366b8,0x000000008a280000)
 Metaspace       used 89525K, capacity 93414K, committed 93528K, reserved 1130496K
  class space    used 11879K, capacity 12620K, committed 12672K, reserved 1048576K
}
Event: 270.957 GC heap before
{Heap before GC invocations=19 (full 4):
 PSYoungGen      total 339968K, used 323336K [0x00000000d5580000, 0x00000000ec700000, 0x0000000100000000)
  eden space 308736K, 100% used [0x00000000d5580000,0x00000000e8300000,0x00000000e8300000)
  from space 31232K, 46% used [0x00000000ea880000,0x00000000eb6c21f8,0x00000000ec700000)
  to   space 34816K, 0% used [0x00000000e8300000,0x00000000e8300000,0x00000000ea500000)
 ParOldGen       total 166400K, used 71897K [0x0000000080000000, 0x000000008a280000, 0x00000000d5580000)
  object space 166400K, 43% used [0x0000000080000000,0x00000000846366b8,0x000000008a280000)
 Metaspace       used 95686K, capacity 99956K, committed 100056K, reserved 1136640K
  class space    used 12442K, capacity 13293K, committed 13312K, reserved 1048576K
Event: 271.000 GC heap after
Heap after GC invocations=19 (full 4):
 PSYoungGen      total 343552K, used 24214K [0x00000000d5580000, 0x00000000efc80000, 0x0000000100000000)
  eden space 308736K, 0% used [0x00000000d5580000,0x00000000d5580000,0x00000000e8300000)
  from space 34816K, 69% used [0x00000000e8300000,0x00000000e9aa5938,0x00000000ea500000)
  to   space 36352K, 0% used [0x00000000ed900000,0x00000000ed900000,0x00000000efc80000)
 ParOldGen       total 166400K, used 71905K [0x0000000080000000, 0x000000008a280000, 0x00000000d5580000)
  object space 166400K, 43% used [0x0000000080000000,0x00000000846386b8,0x000000008a280000)
 Metaspace       used 95686K, capacity 99956K, committed 100056K, reserved 1136640K
  class space    used 12442K, capacity 13293K, committed 13312K, reserved 1048576K
}
Event: 273.561 GC heap before
{Heap before GC invocations=20 (full 4):
 PSYoungGen      total 343552K, used 332950K [0x00000000d5580000, 0x00000000efc80000, 0x0000000100000000)
  eden space 308736K, 100% used [0x00000000d5580000,0x00000000e8300000,0x00000000e8300000)
  from space 34816K, 69% used [0x00000000e8300000,0x00000000e9aa5938,0x00000000ea500000)
  to   space 36352K, 0% used [0x00000000ed900000,0x00000000ed900000,0x00000000efc80000)
 ParOldGen       total 166400K, used 71905K [0x0000000080000000, 0x000000008a280000, 0x00000000d5580000)
  object space 166400K, 43% used [0x0000000080000000,0x00000000846386b8,0x000000008a280000)
 Metaspace       used 96146K, capacity 100476K, committed 100696K, reserved 1136640K
  class space    used 12477K, capacity 13347K, committed 13440K, reserved 1048576K
Event: 273.634 GC heap after
Heap after GC invocations=20 (full 4):
 PSYoungGen      total 395776K, used 23481K [0x00000000d5580000, 0x00000000f0900000, 0x0000000100000000)
  eden space 359424K, 0% used [0x00000000d5580000,0x00000000d5580000,0x00000000eb480000)
  from space 36352K, 64% used [0x00000000ed900000,0x00000000eefee708,0x00000000efc80000)
  to   space 37376K, 0% used [0x00000000eb480000,0x00000000eb480000,0x00000000ed900000)
 ParOldGen       total 166400K, used 71913K [0x0000000080000000, 0x000000008a280000, 0x00000000d5580000)
  object space 166400K, 43% used [0x0000000080000000,0x000000008463a6b8,0x000000008a280000)
 Metaspace       used 96146K, capacity 100476K, committed 100696K, reserved 1136640K
  class space    used 12477K, capacity 13347K, committed 13440K, reserved 1048576K
}
Event: 277.331 GC heap before
{Heap before GC invocations=21 (full 4):
 PSYoungGen      total 395776K, used 382905K [0x00000000d5580000, 0x00000000f0900000, 0x0000000100000000)
  eden space 359424K, 100% used [0x00000000d5580000,0x00000000eb480000,0x00000000eb480000)
  from space 36352K, 64% used [0x00000000ed900000,0x00000000eefee708,0x00000000efc80000)
  to   space 37376K, 0% used [0x00000000eb480000,0x00000000eb480000,0x00000000ed900000)
 ParOldGen       total 166400K, used 71913K [0x0000000080000000, 0x000000008a280000, 0x00000000d5580000)
  object space 166400K, 43% used [0x0000000080000000,0x000000008463a6b8,0x000000008a280000)
 Metaspace       used 114160K, capacity 118726K, committed 119000K, reserved 1153024K
  class space    used 14444K, capacity 15340K, committed 15360K, reserved 1048576K

